mode: atomic
github.com/myacey/avito-shop/internal/apperror/apperror.go:14.35,16.2 1 0
github.com/myacey/avito-shop/internal/apperror/apperror.go:18.35,20.2 1 0
github.com/myacey/avito-shop/internal/apperror/apperror.go:24.53,26.2 1 0
github.com/myacey/avito-shop/internal/apperror/apperror.go:30.59,32.2 1 0
github.com/myacey/avito-shop/internal/apperror/apperror.go:36.55,38.2 1 0
github.com/myacey/avito-shop/internal/apperror/apperror.go:42.55,44.2 1 0
github.com/myacey/avito-shop/internal/backconfig/config.go:23.46,29.16 4 0
github.com/myacey/avito-shop/internal/backconfig/config.go:29.16,31.3 1 0
github.com/myacey/avito-shop/internal/backconfig/config.go:33.2,34.8 2 0
github.com/myacey/avito-shop/internal/hasher/hasher.go:28.13,30.2 1 0
github.com/myacey/avito-shop/internal/hasher/hasher.go:32.66,34.15 2 0
github.com/myacey/avito-shop/internal/hasher/hasher.go:34.15,34.36 1 0
github.com/myacey/avito-shop/internal/hasher/hasher.go:36.2,37.16 2 0
github.com/myacey/avito-shop/internal/hasher/hasher.go:37.16,38.48 1 0
github.com/myacey/avito-shop/internal/hasher/hasher.go:38.48,40.4 1 0
github.com/myacey/avito-shop/internal/hasher/hasher.go:41.3,41.17 1 0
github.com/myacey/avito-shop/internal/hasher/hasher.go:43.2,43.27 1 0
github.com/myacey/avito-shop/internal/hasher/hasher.go:48.61,50.15 2 0
github.com/myacey/avito-shop/internal/hasher/hasher.go:50.15,50.36 1 0
github.com/myacey/avito-shop/internal/hasher/hasher.go:52.2,53.57 2 0
github.com/myacey/avito-shop/internal/hasher/hasher.go:53.57,55.3 1 0
github.com/myacey/avito-shop/internal/hasher/hasher.go:57.2,57.12 1 0
github.com/myacey/avito-shop/internal/jwttoken/jwt.go:25.80,27.2 1 0
github.com/myacey/avito-shop/internal/jwttoken/jwt.go:29.68,37.2 2 0
github.com/myacey/avito-shop/internal/jwttoken/jwt.go:39.71,40.79 1 0
github.com/myacey/avito-shop/internal/jwttoken/jwt.go:40.79,42.3 1 0
github.com/myacey/avito-shop/internal/jwttoken/jwt.go:43.2,43.16 1 0
github.com/myacey/avito-shop/internal/jwttoken/jwt.go:43.16,44.42 1 0
github.com/myacey/avito-shop/internal/jwttoken/jwt.go:44.42,46.4 1 0
github.com/myacey/avito-shop/internal/jwttoken/jwt.go:47.3,47.27 1 0
github.com/myacey/avito-shop/internal/jwttoken/jwt.go:50.2,50.52 1 0
github.com/myacey/avito-shop/internal/jwttoken/jwt.go:50.52,52.3 1 0
github.com/myacey/avito-shop/internal/jwttoken/jwt.go:54.2,54.26 1 0
github.com/myacey/avito-shop/internal/repository/redisrepo/redis.go:11.77,23.61 2 0
github.com/myacey/avito-shop/internal/repository/redisrepo/redis.go:23.61,25.3 1 0
github.com/myacey/avito-shop/internal/repository/redisrepo/redis.go:27.2,27.17 1 0
github.com/myacey/avito-shop/internal/repository/redisrepo/session_repository.go:16.74,18.2 1 0
github.com/myacey/avito-shop/internal/repository/redisrepo/session_repository.go:20.90,22.31 2 0
github.com/myacey/avito-shop/internal/repository/redisrepo/session_repository.go:22.31,24.3 1 0
github.com/myacey/avito-shop/internal/repository/redisrepo/session_repository.go:26.2,26.17 1 0
github.com/myacey/avito-shop/internal/repository/redisrepo/session_repository.go:29.109,31.2 1 0
github.com/myacey/avito-shop/internal/mocks/hasher_mock.go:25.57,29.2 3 0
github.com/myacey/avito-shop/internal/mocks/hasher_mock.go:32.55,34.2 1 0
github.com/myacey/avito-shop/internal/mocks/hasher_mock.go:37.59,42.2 4 0
github.com/myacey/avito-shop/internal/mocks/hasher_mock.go:45.84,48.2 2 0
github.com/myacey/avito-shop/internal/mocks/hasher_mock.go:51.64,57.2 5 0
github.com/myacey/avito-shop/internal/mocks/hasher_mock.go:60.79,63.2 2 0
github.com/myacey/avito-shop/internal/mocks/inventory_repository_mock.go:27.83,31.2 3 0
github.com/myacey/avito-shop/internal/mocks/inventory_repository_mock.go:34.81,36.2 1 0
github.com/myacey/avito-shop/internal/mocks/inventory_repository_mock.go:39.110,44.2 4 0
github.com/myacey/avito-shop/internal/mocks/inventory_repository_mock.go:47.113,50.2 2 0
github.com/myacey/avito-shop/internal/mocks/inventory_repository_mock.go:53.106,59.2 5 0
github.com/myacey/avito-shop/internal/mocks/inventory_repository_mock.go:62.97,65.2 2 0
github.com/myacey/avito-shop/internal/mocks/jwt_mock.go:25.83,29.2 3 0
github.com/myacey/avito-shop/internal/mocks/jwt_mock.go:32.81,34.2 1 0
github.com/myacey/avito-shop/internal/mocks/jwt_mock.go:37.80,43.2 5 0
github.com/myacey/avito-shop/internal/mocks/jwt_mock.go:46.95,49.2 2 0
github.com/myacey/avito-shop/internal/mocks/jwt_mock.go:52.83,58.2 5 0
github.com/myacey/avito-shop/internal/mocks/jwt_mock.go:61.98,64.2 2 0
github.com/myacey/avito-shop/internal/mocks/queries_mock.go:27.59,31.2 3 0
github.com/myacey/avito-shop/internal/mocks/queries_mock.go:34.57,36.2 1 0
github.com/myacey/avito-shop/internal/mocks/queries_mock.go:39.80,44.2 4 0
github.com/myacey/avito-shop/internal/mocks/queries_mock.go:47.79,50.2 2 0
github.com/myacey/avito-shop/internal/mocks/queries_mock.go:53.119,59.2 5 0
github.com/myacey/avito-shop/internal/mocks/queries_mock.go:62.91,65.2 2 0
github.com/myacey/avito-shop/internal/mocks/queries_mock.go:68.97,74.2 5 0
github.com/myacey/avito-shop/internal/mocks/queries_mock.go:77.82,80.2 2 0
github.com/myacey/avito-shop/internal/mocks/queries_mock.go:83.95,89.2 5 0
github.com/myacey/avito-shop/internal/mocks/queries_mock.go:92.87,95.2 2 0
github.com/myacey/avito-shop/internal/mocks/queries_mock.go:98.95,104.2 5 0
github.com/myacey/avito-shop/internal/mocks/queries_mock.go:107.93,110.2 2 0
github.com/myacey/avito-shop/internal/mocks/queries_mock.go:113.105,119.2 5 0
github.com/myacey/avito-shop/internal/mocks/queries_mock.go:122.97,125.2 2 0
github.com/myacey/avito-shop/internal/mocks/queries_mock.go:128.86,134.2 5 0
github.com/myacey/avito-shop/internal/mocks/queries_mock.go:137.84,140.2 2 0
github.com/myacey/avito-shop/internal/mocks/queries_mock.go:143.95,149.2 5 0
github.com/myacey/avito-shop/internal/mocks/queries_mock.go:152.93,155.2 2 0
github.com/myacey/avito-shop/internal/mocks/queries_mock.go:158.88,164.2 5 0
github.com/myacey/avito-shop/internal/mocks/queries_mock.go:167.87,170.2 2 0
github.com/myacey/avito-shop/internal/mocks/queries_mock.go:173.121,179.2 5 0
github.com/myacey/avito-shop/internal/mocks/queries_mock.go:182.93,185.2 2 0
github.com/myacey/avito-shop/internal/mocks/queries_mock.go:188.111,194.2 5 0
github.com/myacey/avito-shop/internal/mocks/queries_mock.go:197.89,200.2 2 0
github.com/myacey/avito-shop/internal/mocks/service_mock.go:27.63,31.2 3 0
github.com/myacey/avito-shop/internal/mocks/service_mock.go:34.61,36.2 1 0
github.com/myacey/avito-shop/internal/mocks/service_mock.go:39.101,45.2 5 0
github.com/myacey/avito-shop/internal/mocks/service_mock.go:48.100,51.2 2 0
github.com/myacey/avito-shop/internal/mocks/service_mock.go:54.85,59.2 4 0
github.com/myacey/avito-shop/internal/mocks/service_mock.go:62.94,65.2 2 0
github.com/myacey/avito-shop/internal/mocks/service_mock.go:68.89,74.2 5 0
github.com/myacey/avito-shop/internal/mocks/service_mock.go:77.88,80.2 2 0
github.com/myacey/avito-shop/internal/mocks/service_mock.go:83.99,89.2 5 0
github.com/myacey/avito-shop/internal/mocks/service_mock.go:92.92,95.2 2 0
github.com/myacey/avito-shop/internal/mocks/service_mock.go:98.106,103.2 4 0
github.com/myacey/avito-shop/internal/mocks/service_mock.go:106.109,109.2 2 0
github.com/myacey/avito-shop/internal/mocks/session_repository_mock.go:27.79,31.2 3 0
github.com/myacey/avito-shop/internal/mocks/session_repository_mock.go:34.77,36.2 1 0
github.com/myacey/avito-shop/internal/mocks/session_repository_mock.go:39.108,44.2 4 0
github.com/myacey/avito-shop/internal/mocks/session_repository_mock.go:47.103,50.2 2 0
github.com/myacey/avito-shop/internal/mocks/session_repository_mock.go:53.89,59.2 5 0
github.com/myacey/avito-shop/internal/mocks/session_repository_mock.go:62.88,65.2 2 0
github.com/myacey/avito-shop/internal/mocks/store_repository_mock.go:27.75,31.2 3 0
github.com/myacey/avito-shop/internal/mocks/store_repository_mock.go:34.73,36.2 1 0
github.com/myacey/avito-shop/internal/mocks/store_repository_mock.go:39.97,45.2 5 0
github.com/myacey/avito-shop/internal/mocks/store_repository_mock.go:48.94,51.2 2 0
github.com/myacey/avito-shop/internal/mocks/transfer_repository_mock.go:27.81,31.2 3 0
github.com/myacey/avito-shop/internal/mocks/transfer_repository_mock.go:34.79,36.2 1 0
github.com/myacey/avito-shop/internal/mocks/transfer_repository_mock.go:39.142,45.2 5 0
github.com/myacey/avito-shop/internal/mocks/transfer_repository_mock.go:48.129,51.2 2 0
github.com/myacey/avito-shop/internal/mocks/transfer_repository_mock.go:54.115,60.2 5 0
github.com/myacey/avito-shop/internal/mocks/transfer_repository_mock.go:63.106,66.2 2 0
github.com/myacey/avito-shop/internal/mocks/user_repository_mock.go:27.73,31.2 3 0
github.com/myacey/avito-shop/internal/mocks/user_repository_mock.go:34.71,36.2 1 0
github.com/myacey/avito-shop/internal/mocks/user_repository_mock.go:39.105,45.2 5 0
github.com/myacey/avito-shop/internal/mocks/user_repository_mock.go:48.102,51.2 2 0
github.com/myacey/avito-shop/internal/mocks/user_repository_mock.go:54.92,60.2 5 0
github.com/myacey/avito-shop/internal/mocks/user_repository_mock.go:63.89,66.2 2 0
github.com/myacey/avito-shop/internal/mocks/user_repository_mock.go:69.101,75.2 5 0
github.com/myacey/avito-shop/internal/mocks/user_repository_mock.go:78.98,81.2 2 0
github.com/myacey/avito-shop/internal/mocks/user_repository_mock.go:84.110,90.2 5 0
github.com/myacey/avito-shop/internal/mocks/user_repository_mock.go:93.108,96.2 2 0
github.com/myacey/avito-shop/internal/mocks/user_repository_mock.go:99.143,105.2 5 0
github.com/myacey/avito-shop/internal/mocks/user_repository_mock.go:108.132,111.2 2 0
github.com/myacey/avito-shop/internal/apperror/apperror.go:14.35,16.2 1 0
github.com/myacey/avito-shop/internal/apperror/apperror.go:18.35,20.2 1 0
github.com/myacey/avito-shop/internal/apperror/apperror.go:24.53,26.2 1 8
github.com/myacey/avito-shop/internal/apperror/apperror.go:30.59,32.2 1 8
github.com/myacey/avito-shop/internal/apperror/apperror.go:36.55,38.2 1 8
github.com/myacey/avito-shop/internal/apperror/apperror.go:42.55,44.2 1 42
github.com/myacey/avito-shop/internal/hasher/hasher.go:28.13,30.2 1 1
github.com/myacey/avito-shop/internal/hasher/hasher.go:32.66,34.15 2 0
github.com/myacey/avito-shop/internal/hasher/hasher.go:34.15,34.36 1 0
github.com/myacey/avito-shop/internal/hasher/hasher.go:36.2,37.16 2 0
github.com/myacey/avito-shop/internal/hasher/hasher.go:37.16,38.48 1 0
github.com/myacey/avito-shop/internal/hasher/hasher.go:38.48,40.4 1 0
github.com/myacey/avito-shop/internal/hasher/hasher.go:41.3,41.17 1 0
github.com/myacey/avito-shop/internal/hasher/hasher.go:43.2,43.27 1 0
github.com/myacey/avito-shop/internal/hasher/hasher.go:48.61,50.15 2 0
github.com/myacey/avito-shop/internal/hasher/hasher.go:50.15,50.36 1 0
github.com/myacey/avito-shop/internal/hasher/hasher.go:52.2,53.57 2 0
github.com/myacey/avito-shop/internal/hasher/hasher.go:53.57,55.3 1 0
github.com/myacey/avito-shop/internal/hasher/hasher.go:57.2,57.12 1 0
github.com/myacey/avito-shop/internal/jwttoken/jwt.go:25.80,27.2 1 0
github.com/myacey/avito-shop/internal/jwttoken/jwt.go:29.68,37.2 2 0
github.com/myacey/avito-shop/internal/jwttoken/jwt.go:39.71,40.79 1 0
github.com/myacey/avito-shop/internal/jwttoken/jwt.go:40.79,42.3 1 0
github.com/myacey/avito-shop/internal/jwttoken/jwt.go:43.2,43.16 1 0
github.com/myacey/avito-shop/internal/jwttoken/jwt.go:43.16,44.42 1 0
github.com/myacey/avito-shop/internal/jwttoken/jwt.go:44.42,46.4 1 0
github.com/myacey/avito-shop/internal/jwttoken/jwt.go:47.3,47.27 1 0
github.com/myacey/avito-shop/internal/jwttoken/jwt.go:50.2,50.52 1 0
github.com/myacey/avito-shop/internal/jwttoken/jwt.go:50.52,52.3 1 0
github.com/myacey/avito-shop/internal/jwttoken/jwt.go:54.2,54.26 1 0
github.com/myacey/avito-shop/internal/mocks/hasher_mock.go:25.57,29.2 3 1
github.com/myacey/avito-shop/internal/mocks/hasher_mock.go:32.55,34.2 1 11
github.com/myacey/avito-shop/internal/mocks/hasher_mock.go:37.59,42.2 4 5
github.com/myacey/avito-shop/internal/mocks/hasher_mock.go:45.84,48.2 2 5
github.com/myacey/avito-shop/internal/mocks/hasher_mock.go:51.64,57.2 5 6
github.com/myacey/avito-shop/internal/mocks/hasher_mock.go:60.79,63.2 2 6
github.com/myacey/avito-shop/internal/mocks/inventory_repository_mock.go:27.83,31.2 3 5
github.com/myacey/avito-shop/internal/mocks/inventory_repository_mock.go:34.81,36.2 1 5
github.com/myacey/avito-shop/internal/mocks/inventory_repository_mock.go:39.110,44.2 4 2
github.com/myacey/avito-shop/internal/mocks/inventory_repository_mock.go:47.113,50.2 2 2
github.com/myacey/avito-shop/internal/mocks/inventory_repository_mock.go:53.106,59.2 5 3
github.com/myacey/avito-shop/internal/mocks/inventory_repository_mock.go:62.97,65.2 2 3
github.com/myacey/avito-shop/internal/mocks/jwt_mock.go:25.83,29.2 3 5
github.com/myacey/avito-shop/internal/mocks/jwt_mock.go:32.81,34.2 1 13
github.com/myacey/avito-shop/internal/mocks/jwt_mock.go:37.80,43.2 5 6
github.com/myacey/avito-shop/internal/mocks/jwt_mock.go:46.95,49.2 2 6
github.com/myacey/avito-shop/internal/mocks/jwt_mock.go:52.83,58.2 5 7
github.com/myacey/avito-shop/internal/mocks/jwt_mock.go:61.98,64.2 2 7
github.com/myacey/avito-shop/internal/mocks/queries_mock.go:27.59,31.2 3 0
github.com/myacey/avito-shop/internal/mocks/queries_mock.go:34.57,36.2 1 0
github.com/myacey/avito-shop/internal/mocks/queries_mock.go:39.80,44.2 4 0
github.com/myacey/avito-shop/internal/mocks/queries_mock.go:47.79,50.2 2 0
github.com/myacey/avito-shop/internal/mocks/queries_mock.go:53.119,59.2 5 0
github.com/myacey/avito-shop/internal/mocks/queries_mock.go:62.91,65.2 2 0
github.com/myacey/avito-shop/internal/mocks/queries_mock.go:68.97,74.2 5 0
github.com/myacey/avito-shop/internal/mocks/queries_mock.go:77.82,80.2 2 0
github.com/myacey/avito-shop/internal/mocks/queries_mock.go:83.95,89.2 5 0
github.com/myacey/avito-shop/internal/mocks/queries_mock.go:92.87,95.2 2 0
github.com/myacey/avito-shop/internal/mocks/queries_mock.go:98.95,104.2 5 0
github.com/myacey/avito-shop/internal/mocks/queries_mock.go:107.93,110.2 2 0
github.com/myacey/avito-shop/internal/mocks/queries_mock.go:113.105,119.2 5 0
github.com/myacey/avito-shop/internal/mocks/queries_mock.go:122.97,125.2 2 0
github.com/myacey/avito-shop/internal/mocks/queries_mock.go:128.86,134.2 5 0
github.com/myacey/avito-shop/internal/mocks/queries_mock.go:137.84,140.2 2 0
github.com/myacey/avito-shop/internal/mocks/queries_mock.go:143.95,149.2 5 0
github.com/myacey/avito-shop/internal/mocks/queries_mock.go:152.93,155.2 2 0
github.com/myacey/avito-shop/internal/mocks/queries_mock.go:158.88,164.2 5 0
github.com/myacey/avito-shop/internal/mocks/queries_mock.go:167.87,170.2 2 0
github.com/myacey/avito-shop/internal/mocks/queries_mock.go:173.121,179.2 5 0
github.com/myacey/avito-shop/internal/mocks/queries_mock.go:182.93,185.2 2 0
github.com/myacey/avito-shop/internal/mocks/queries_mock.go:188.111,194.2 5 0
github.com/myacey/avito-shop/internal/mocks/queries_mock.go:197.89,200.2 2 0
github.com/myacey/avito-shop/internal/mocks/service_mock.go:27.63,31.2 3 0
github.com/myacey/avito-shop/internal/mocks/service_mock.go:34.61,36.2 1 0
github.com/myacey/avito-shop/internal/mocks/service_mock.go:39.101,45.2 5 0
github.com/myacey/avito-shop/internal/mocks/service_mock.go:48.100,51.2 2 0
github.com/myacey/avito-shop/internal/mocks/service_mock.go:54.85,59.2 4 0
github.com/myacey/avito-shop/internal/mocks/service_mock.go:62.94,65.2 2 0
github.com/myacey/avito-shop/internal/mocks/service_mock.go:68.89,74.2 5 0
github.com/myacey/avito-shop/internal/mocks/service_mock.go:77.88,80.2 2 0
github.com/myacey/avito-shop/internal/mocks/service_mock.go:83.99,89.2 5 0
github.com/myacey/avito-shop/internal/mocks/service_mock.go:92.92,95.2 2 0
github.com/myacey/avito-shop/internal/mocks/service_mock.go:98.106,103.2 4 0
github.com/myacey/avito-shop/internal/mocks/service_mock.go:106.109,109.2 2 0
github.com/myacey/avito-shop/internal/mocks/session_repository_mock.go:27.79,31.2 3 5
github.com/myacey/avito-shop/internal/mocks/session_repository_mock.go:34.77,36.2 1 8
github.com/myacey/avito-shop/internal/mocks/session_repository_mock.go:39.108,44.2 4 4
github.com/myacey/avito-shop/internal/mocks/session_repository_mock.go:47.103,50.2 2 4
github.com/myacey/avito-shop/internal/mocks/session_repository_mock.go:53.89,59.2 5 4
github.com/myacey/avito-shop/internal/mocks/session_repository_mock.go:62.88,65.2 2 4
github.com/myacey/avito-shop/internal/mocks/store_repository_mock.go:27.75,31.2 3 5
github.com/myacey/avito-shop/internal/mocks/store_repository_mock.go:34.73,36.2 1 9
github.com/myacey/avito-shop/internal/mocks/store_repository_mock.go:39.97,45.2 5 9
github.com/myacey/avito-shop/internal/mocks/store_repository_mock.go:48.94,51.2 2 9
github.com/myacey/avito-shop/internal/mocks/transfer_repository_mock.go:27.81,31.2 3 5
github.com/myacey/avito-shop/internal/mocks/transfer_repository_mock.go:34.79,36.2 1 4
github.com/myacey/avito-shop/internal/mocks/transfer_repository_mock.go:39.142,45.2 5 2
github.com/myacey/avito-shop/internal/mocks/transfer_repository_mock.go:48.129,51.2 2 2
github.com/myacey/avito-shop/internal/mocks/transfer_repository_mock.go:54.115,60.2 5 2
github.com/myacey/avito-shop/internal/mocks/transfer_repository_mock.go:63.106,66.2 2 2
github.com/myacey/avito-shop/internal/mocks/user_repository_mock.go:27.73,31.2 3 5
github.com/myacey/avito-shop/internal/mocks/user_repository_mock.go:34.71,36.2 1 34
github.com/myacey/avito-shop/internal/mocks/user_repository_mock.go:39.105,45.2 5 4
github.com/myacey/avito-shop/internal/mocks/user_repository_mock.go:48.102,51.2 2 4
github.com/myacey/avito-shop/internal/mocks/user_repository_mock.go:54.92,60.2 5 17
github.com/myacey/avito-shop/internal/mocks/user_repository_mock.go:63.89,66.2 2 17
github.com/myacey/avito-shop/internal/mocks/user_repository_mock.go:69.101,75.2 5 6
github.com/myacey/avito-shop/internal/mocks/user_repository_mock.go:78.98,81.2 2 6
github.com/myacey/avito-shop/internal/mocks/user_repository_mock.go:84.110,90.2 5 3
github.com/myacey/avito-shop/internal/mocks/user_repository_mock.go:93.108,96.2 2 3
github.com/myacey/avito-shop/internal/mocks/user_repository_mock.go:99.143,105.2 5 4
github.com/myacey/avito-shop/internal/mocks/user_repository_mock.go:108.132,111.2 2 4
github.com/myacey/avito-shop/internal/service/service.go:64.13,75.2 1 5
github.com/myacey/avito-shop/internal/service/service.go:77.92,79.16 2 6
github.com/myacey/avito-shop/internal/service/service.go:79.16,80.39 1 2
github.com/myacey/avito-shop/internal/service/service.go:80.39,82.4 1 1
github.com/myacey/avito-shop/internal/service/service.go:83.3,83.75 1 1
github.com/myacey/avito-shop/internal/service/service.go:86.2,87.16 2 4
github.com/myacey/avito-shop/internal/service/service.go:87.16,89.3 1 1
github.com/myacey/avito-shop/internal/service/service.go:92.2,93.16 2 3
github.com/myacey/avito-shop/internal/service/service.go:93.16,95.3 1 1
github.com/myacey/avito-shop/internal/service/service.go:97.2,97.84 1 2
github.com/myacey/avito-shop/internal/service/service.go:97.84,99.3 1 1
github.com/myacey/avito-shop/internal/service/service.go:100.2,100.19 1 1
github.com/myacey/avito-shop/internal/service/service.go:104.95,108.63 2 12
github.com/myacey/avito-shop/internal/service/service.go:108.63,110.3 1 1
github.com/myacey/avito-shop/internal/service/service.go:113.2,113.48 1 11
github.com/myacey/avito-shop/internal/service/service.go:113.48,115.3 1 6
github.com/myacey/avito-shop/internal/service/service.go:119.2,119.66 1 5
github.com/myacey/avito-shop/internal/service/service.go:119.66,120.44 1 2
github.com/myacey/avito-shop/internal/service/service.go:120.44,122.4 1 1
github.com/myacey/avito-shop/internal/service/service.go:123.3,123.70 1 1
github.com/myacey/avito-shop/internal/service/service.go:127.2,128.16 2 3
github.com/myacey/avito-shop/internal/service/service.go:128.16,130.3 1 1
github.com/myacey/avito-shop/internal/service/service.go:133.2,133.87 1 2
github.com/myacey/avito-shop/internal/service/service.go:133.87,135.3 1 1
github.com/myacey/avito-shop/internal/service/service.go:137.2,137.22 1 1
github.com/myacey/avito-shop/internal/service/service.go:142.83,144.16 2 7
github.com/myacey/avito-shop/internal/service/service.go:144.16,145.10 1 3
github.com/myacey/avito-shop/internal/service/service.go:146.47,147.76 1 1
github.com/myacey/avito-shop/internal/service/service.go:148.49,149.78 1 1
github.com/myacey/avito-shop/internal/service/service.go:150.11,151.66 1 1
github.com/myacey/avito-shop/internal/service/service.go:155.2,156.16 2 4
github.com/myacey/avito-shop/internal/service/service.go:156.16,157.50 1 2
github.com/myacey/avito-shop/internal/service/service.go:157.50,159.4 1 1
github.com/myacey/avito-shop/internal/service/service.go:160.3,160.63 1 1
github.com/myacey/avito-shop/internal/service/service.go:163.2,163.22 1 2
github.com/myacey/avito-shop/internal/service/service.go:163.22,165.3 1 1
github.com/myacey/avito-shop/internal/service/service.go:167.2,167.22 1 1
github.com/myacey/avito-shop/internal/service/service.go:182.90,184.67 2 3
github.com/myacey/avito-shop/internal/service/service.go:184.67,186.3 1 1
github.com/myacey/avito-shop/internal/service/service.go:189.2,190.30 2 2
github.com/myacey/avito-shop/internal/service/service.go:190.30,195.3 1 4
github.com/myacey/avito-shop/internal/service/service.go:197.2,197.12 1 2
github.com/myacey/avito-shop/internal/service/service.go:202.91,205.62 2 2
github.com/myacey/avito-shop/internal/service/service.go:205.62,207.3 1 1
github.com/myacey/avito-shop/internal/service/service.go:209.2,212.28 4 1
github.com/myacey/avito-shop/internal/service/service.go:212.28,213.31 1 2
github.com/myacey/avito-shop/internal/service/service.go:213.31,215.4 1 1
github.com/myacey/avito-shop/internal/service/service.go:215.9,215.40 1 1
github.com/myacey/avito-shop/internal/service/service.go:215.40,217.4 1 1
github.com/myacey/avito-shop/internal/service/service.go:219.2,223.12 4 1
github.com/myacey/avito-shop/internal/service/service.go:227.93,229.16 2 5
github.com/myacey/avito-shop/internal/service/service.go:229.16,230.49 1 2
github.com/myacey/avito-shop/internal/service/service.go:230.49,232.4 1 1
github.com/myacey/avito-shop/internal/service/service.go:233.3,233.62 1 1
github.com/myacey/avito-shop/internal/service/service.go:236.2,244.61 2 3
github.com/myacey/avito-shop/internal/service/service.go:244.61,246.3 1 1
github.com/myacey/avito-shop/internal/service/service.go:248.2,248.55 1 2
github.com/myacey/avito-shop/internal/service/service.go:248.55,250.3 1 1
github.com/myacey/avito-shop/internal/service/service.go:252.2,252.17 1 1
github.com/myacey/avito-shop/internal/service/service.go:256.107,257.17 1 6
github.com/myacey/avito-shop/internal/service/service.go:257.17,259.3 1 1
github.com/myacey/avito-shop/internal/service/service.go:261.2,262.16 2 5
github.com/myacey/avito-shop/internal/service/service.go:262.16,264.3 1 1
github.com/myacey/avito-shop/internal/service/service.go:265.2,268.16 3 4
github.com/myacey/avito-shop/internal/service/service.go:268.16,269.49 1 2
github.com/myacey/avito-shop/internal/service/service.go:269.49,271.4 1 1
github.com/myacey/avito-shop/internal/service/service.go:272.3,272.71 1 1
github.com/myacey/avito-shop/internal/service/service.go:274.2,275.16 2 2
github.com/myacey/avito-shop/internal/service/service.go:275.16,277.3 1 1
github.com/myacey/avito-shop/internal/service/service.go:279.2,279.20 1 1
github.com/myacey/avito-shop/internal/service/service.go:283.79,285.16 2 9
github.com/myacey/avito-shop/internal/service/service.go:285.16,286.52 1 2
github.com/myacey/avito-shop/internal/service/service.go:286.52,288.4 1 1
github.com/myacey/avito-shop/internal/service/service.go:289.3,289.62 1 1
github.com/myacey/avito-shop/internal/service/service.go:292.2,293.16 2 7
github.com/myacey/avito-shop/internal/service/service.go:293.16,295.3 1 1
github.com/myacey/avito-shop/internal/service/service.go:296.2,299.16 3 6
github.com/myacey/avito-shop/internal/service/service.go:299.16,300.49 1 2
github.com/myacey/avito-shop/internal/service/service.go:300.49,302.4 1 1
github.com/myacey/avito-shop/internal/service/service.go:303.3,303.57 1 1
github.com/myacey/avito-shop/internal/service/service.go:306.2,307.23 2 4
github.com/myacey/avito-shop/internal/service/service.go:307.23,309.3 1 1
github.com/myacey/avito-shop/internal/service/service.go:311.2,312.16 2 3
github.com/myacey/avito-shop/internal/service/service.go:312.16,314.3 1 1
github.com/myacey/avito-shop/internal/service/service.go:316.2,317.16 2 2
github.com/myacey/avito-shop/internal/service/service.go:317.16,319.3 1 1
github.com/myacey/avito-shop/internal/service/service.go:321.2,321.20 1 1
github.com/myacey/avito-shop/internal/backconfig/config.go:23.46,29.16 4 0
github.com/myacey/avito-shop/internal/backconfig/config.go:29.16,31.3 1 0
github.com/myacey/avito-shop/internal/backconfig/config.go:33.2,34.8 2 0
github.com/myacey/avito-shop/internal/mocks/hasher_mock.go:25.57,29.2 3 0
github.com/myacey/avito-shop/internal/mocks/hasher_mock.go:32.55,34.2 1 0
github.com/myacey/avito-shop/internal/mocks/hasher_mock.go:37.59,42.2 4 0
github.com/myacey/avito-shop/internal/mocks/hasher_mock.go:45.84,48.2 2 0
github.com/myacey/avito-shop/internal/mocks/hasher_mock.go:51.64,57.2 5 0
github.com/myacey/avito-shop/internal/mocks/hasher_mock.go:60.79,63.2 2 0
github.com/myacey/avito-shop/internal/mocks/inventory_repository_mock.go:27.83,31.2 3 0
github.com/myacey/avito-shop/internal/mocks/inventory_repository_mock.go:34.81,36.2 1 0
github.com/myacey/avito-shop/internal/mocks/inventory_repository_mock.go:39.110,44.2 4 0
github.com/myacey/avito-shop/internal/mocks/inventory_repository_mock.go:47.113,50.2 2 0
github.com/myacey/avito-shop/internal/mocks/inventory_repository_mock.go:53.106,59.2 5 0
github.com/myacey/avito-shop/internal/mocks/inventory_repository_mock.go:62.97,65.2 2 0
github.com/myacey/avito-shop/internal/mocks/jwt_mock.go:25.83,29.2 3 0
github.com/myacey/avito-shop/internal/mocks/jwt_mock.go:32.81,34.2 1 0
github.com/myacey/avito-shop/internal/mocks/jwt_mock.go:37.80,43.2 5 0
github.com/myacey/avito-shop/internal/mocks/jwt_mock.go:46.95,49.2 2 0
github.com/myacey/avito-shop/internal/mocks/jwt_mock.go:52.83,58.2 5 0
github.com/myacey/avito-shop/internal/mocks/jwt_mock.go:61.98,64.2 2 0
github.com/myacey/avito-shop/internal/mocks/queries_mock.go:27.59,31.2 3 10
github.com/myacey/avito-shop/internal/mocks/queries_mock.go:34.57,36.2 1 28
github.com/myacey/avito-shop/internal/mocks/queries_mock.go:39.80,44.2 4 2
github.com/myacey/avito-shop/internal/mocks/queries_mock.go:47.79,50.2 2 2
github.com/myacey/avito-shop/internal/mocks/queries_mock.go:53.119,59.2 5 2
github.com/myacey/avito-shop/internal/mocks/queries_mock.go:62.91,65.2 2 2
github.com/myacey/avito-shop/internal/mocks/queries_mock.go:68.97,74.2 5 3
github.com/myacey/avito-shop/internal/mocks/queries_mock.go:77.82,80.2 2 3
github.com/myacey/avito-shop/internal/mocks/queries_mock.go:83.95,89.2 5 3
github.com/myacey/avito-shop/internal/mocks/queries_mock.go:92.87,95.2 2 3
github.com/myacey/avito-shop/internal/mocks/queries_mock.go:98.95,104.2 5 3
github.com/myacey/avito-shop/internal/mocks/queries_mock.go:107.93,110.2 2 3
github.com/myacey/avito-shop/internal/mocks/queries_mock.go:113.105,119.2 5 3
github.com/myacey/avito-shop/internal/mocks/queries_mock.go:122.97,125.2 2 3
github.com/myacey/avito-shop/internal/mocks/queries_mock.go:128.86,134.2 5 3
github.com/myacey/avito-shop/internal/mocks/queries_mock.go:137.84,140.2 2 3
github.com/myacey/avito-shop/internal/mocks/queries_mock.go:143.95,149.2 5 3
github.com/myacey/avito-shop/internal/mocks/queries_mock.go:152.93,155.2 2 3
github.com/myacey/avito-shop/internal/mocks/queries_mock.go:158.88,164.2 5 0
github.com/myacey/avito-shop/internal/mocks/queries_mock.go:167.87,170.2 2 0
github.com/myacey/avito-shop/internal/mocks/queries_mock.go:173.121,179.2 5 3
github.com/myacey/avito-shop/internal/mocks/queries_mock.go:182.93,185.2 2 3
github.com/myacey/avito-shop/internal/mocks/queries_mock.go:188.111,194.2 5 3
github.com/myacey/avito-shop/internal/mocks/queries_mock.go:197.89,200.2 2 3
github.com/myacey/avito-shop/internal/mocks/service_mock.go:27.63,31.2 3 0
github.com/myacey/avito-shop/internal/mocks/service_mock.go:34.61,36.2 1 0
github.com/myacey/avito-shop/internal/mocks/service_mock.go:39.101,45.2 5 0
github.com/myacey/avito-shop/internal/mocks/service_mock.go:48.100,51.2 2 0
github.com/myacey/avito-shop/internal/mocks/service_mock.go:54.85,59.2 4 0
github.com/myacey/avito-shop/internal/mocks/service_mock.go:62.94,65.2 2 0
github.com/myacey/avito-shop/internal/mocks/service_mock.go:68.89,74.2 5 0
github.com/myacey/avito-shop/internal/mocks/service_mock.go:77.88,80.2 2 0
github.com/myacey/avito-shop/internal/mocks/service_mock.go:83.99,89.2 5 0
github.com/myacey/avito-shop/internal/mocks/service_mock.go:92.92,95.2 2 0
github.com/myacey/avito-shop/internal/mocks/service_mock.go:98.106,103.2 4 0
github.com/myacey/avito-shop/internal/mocks/service_mock.go:106.109,109.2 2 0
github.com/myacey/avito-shop/internal/mocks/session_repository_mock.go:27.79,31.2 3 0
github.com/myacey/avito-shop/internal/mocks/session_repository_mock.go:34.77,36.2 1 0
github.com/myacey/avito-shop/internal/mocks/session_repository_mock.go:39.108,44.2 4 0
github.com/myacey/avito-shop/internal/mocks/session_repository_mock.go:47.103,50.2 2 0
github.com/myacey/avito-shop/internal/mocks/session_repository_mock.go:53.89,59.2 5 0
github.com/myacey/avito-shop/internal/mocks/session_repository_mock.go:62.88,65.2 2 0
github.com/myacey/avito-shop/internal/mocks/store_repository_mock.go:27.75,31.2 3 0
github.com/myacey/avito-shop/internal/mocks/store_repository_mock.go:34.73,36.2 1 0
github.com/myacey/avito-shop/internal/mocks/store_repository_mock.go:39.97,45.2 5 0
github.com/myacey/avito-shop/internal/mocks/store_repository_mock.go:48.94,51.2 2 0
github.com/myacey/avito-shop/internal/mocks/transfer_repository_mock.go:27.81,31.2 3 0
github.com/myacey/avito-shop/internal/mocks/transfer_repository_mock.go:34.79,36.2 1 0
github.com/myacey/avito-shop/internal/mocks/transfer_repository_mock.go:39.142,45.2 5 0
github.com/myacey/avito-shop/internal/mocks/transfer_repository_mock.go:48.129,51.2 2 0
github.com/myacey/avito-shop/internal/mocks/transfer_repository_mock.go:54.115,60.2 5 0
github.com/myacey/avito-shop/internal/mocks/transfer_repository_mock.go:63.106,66.2 2 0
github.com/myacey/avito-shop/internal/mocks/user_repository_mock.go:27.73,31.2 3 0
github.com/myacey/avito-shop/internal/mocks/user_repository_mock.go:34.71,36.2 1 0
github.com/myacey/avito-shop/internal/mocks/user_repository_mock.go:39.105,45.2 5 0
github.com/myacey/avito-shop/internal/mocks/user_repository_mock.go:48.102,51.2 2 0
github.com/myacey/avito-shop/internal/mocks/user_repository_mock.go:54.92,60.2 5 0
github.com/myacey/avito-shop/internal/mocks/user_repository_mock.go:63.89,66.2 2 0
github.com/myacey/avito-shop/internal/mocks/user_repository_mock.go:69.101,75.2 5 0
github.com/myacey/avito-shop/internal/mocks/user_repository_mock.go:78.98,81.2 2 0
github.com/myacey/avito-shop/internal/mocks/user_repository_mock.go:84.110,90.2 5 0
github.com/myacey/avito-shop/internal/mocks/user_repository_mock.go:93.108,96.2 2 0
github.com/myacey/avito-shop/internal/mocks/user_repository_mock.go:99.143,105.2 5 0
github.com/myacey/avito-shop/internal/mocks/user_repository_mock.go:108.132,111.2 2 0
github.com/myacey/avito-shop/internal/repository/postgresrepo/inventory_repo.go:16.80,18.2 1 2
github.com/myacey/avito-shop/internal/repository/postgresrepo/inventory_repo.go:20.108,26.16 3 2
github.com/myacey/avito-shop/internal/repository/postgresrepo/inventory_repo.go:26.16,28.3 1 1
github.com/myacey/avito-shop/internal/repository/postgresrepo/inventory_repo.go:30.2,30.12 1 1
github.com/myacey/avito-shop/internal/repository/postgresrepo/inventory_repo.go:33.104,35.16 2 3
github.com/myacey/avito-shop/internal/repository/postgresrepo/inventory_repo.go:35.16,36.36 1 2
github.com/myacey/avito-shop/internal/repository/postgresrepo/inventory_repo.go:36.36,38.4 1 1
github.com/myacey/avito-shop/internal/repository/postgresrepo/inventory_repo.go:39.3,39.18 1 1
github.com/myacey/avito-shop/internal/repository/postgresrepo/inventory_repo.go:42.2,43.21 2 1
github.com/myacey/avito-shop/internal/repository/postgresrepo/inventory_repo.go:43.21,45.3 1 2
github.com/myacey/avito-shop/internal/repository/postgresrepo/inventory_repo.go:47.2,47.17 1 1
github.com/myacey/avito-shop/internal/repository/postgresrepo/postgres.go:12.79,19.16 3 0
github.com/myacey/avito-shop/internal/repository/postgresrepo/postgres.go:19.16,21.3 1 0
github.com/myacey/avito-shop/internal/repository/postgresrepo/postgres.go:22.2,23.16 2 0
github.com/myacey/avito-shop/internal/repository/postgresrepo/postgres.go:23.16,25.3 1 0
github.com/myacey/avito-shop/internal/repository/postgresrepo/postgres.go:27.2,29.27 2 0
github.com/myacey/avito-shop/internal/repository/postgresrepo/postgres.go:34.40,35.38 1 2
github.com/myacey/avito-shop/internal/repository/postgresrepo/postgres.go:35.38,37.3 1 1
github.com/myacey/avito-shop/internal/repository/postgresrepo/postgres.go:38.2,38.14 1 1
github.com/myacey/avito-shop/internal/repository/postgresrepo/store_repo.go:16.72,18.2 1 1
github.com/myacey/avito-shop/internal/repository/postgresrepo/store_repo.go:20.95,22.16 2 3
github.com/myacey/avito-shop/internal/repository/postgresrepo/store_repo.go:22.16,23.36 1 2
github.com/myacey/avito-shop/internal/repository/postgresrepo/store_repo.go:23.36,25.4 1 1
github.com/myacey/avito-shop/internal/repository/postgresrepo/store_repo.go:26.3,26.18 1 1
github.com/myacey/avito-shop/internal/repository/postgresrepo/store_repo.go:29.2,29.19 1 1
github.com/myacey/avito-shop/internal/repository/postgresrepo/transfer_repo.go:16.78,18.2 1 2
github.com/myacey/avito-shop/internal/repository/postgresrepo/transfer_repo.go:20.140,28.16 3 2
github.com/myacey/avito-shop/internal/repository/postgresrepo/transfer_repo.go:28.16,30.3 1 1
github.com/myacey/avito-shop/internal/repository/postgresrepo/transfer_repo.go:32.2,32.23 1 1
github.com/myacey/avito-shop/internal/repository/postgresrepo/transfer_repo.go:35.113,37.16 2 3
github.com/myacey/avito-shop/internal/repository/postgresrepo/transfer_repo.go:37.16,38.36 1 2
github.com/myacey/avito-shop/internal/repository/postgresrepo/transfer_repo.go:38.36,40.4 1 1
github.com/myacey/avito-shop/internal/repository/postgresrepo/transfer_repo.go:41.3,41.18 1 1
github.com/myacey/avito-shop/internal/repository/postgresrepo/transfer_repo.go:44.2,45.27 2 1
github.com/myacey/avito-shop/internal/repository/postgresrepo/transfer_repo.go:45.27,47.3 1 2
github.com/myacey/avito-shop/internal/repository/postgresrepo/transfer_repo.go:49.2,49.17 1 1
github.com/myacey/avito-shop/internal/repository/postgresrepo/user_repo.go:16.70,20.2 1 5
github.com/myacey/avito-shop/internal/repository/postgresrepo/user_repo.go:22.103,28.16 3 3
github.com/myacey/avito-shop/internal/repository/postgresrepo/user_repo.go:28.16,29.29 1 2
github.com/myacey/avito-shop/internal/repository/postgresrepo/user_repo.go:29.29,31.4 1 1
github.com/myacey/avito-shop/internal/repository/postgresrepo/user_repo.go:32.3,32.18 1 1
github.com/myacey/avito-shop/internal/repository/postgresrepo/user_repo.go:35.2,35.18 1 1
github.com/myacey/avito-shop/internal/repository/postgresrepo/user_repo.go:38.90,40.16 2 3
github.com/myacey/avito-shop/internal/repository/postgresrepo/user_repo.go:40.16,41.36 1 2
github.com/myacey/avito-shop/internal/repository/postgresrepo/user_repo.go:41.36,43.4 1 1
github.com/myacey/avito-shop/internal/repository/postgresrepo/user_repo.go:44.3,44.18 1 1
github.com/myacey/avito-shop/internal/repository/postgresrepo/user_repo.go:47.2,47.18 1 1
github.com/myacey/avito-shop/internal/repository/postgresrepo/user_repo.go:51.99,53.16 2 3
github.com/myacey/avito-shop/internal/repository/postgresrepo/user_repo.go:53.16,54.36 1 2
github.com/myacey/avito-shop/internal/repository/postgresrepo/user_repo.go:54.36,56.4 1 1
github.com/myacey/avito-shop/internal/repository/postgresrepo/user_repo.go:57.3,57.18 1 1
github.com/myacey/avito-shop/internal/repository/postgresrepo/user_repo.go:60.2,60.18 1 1
github.com/myacey/avito-shop/internal/repository/postgresrepo/user_repo.go:63.114,70.16 3 3
github.com/myacey/avito-shop/internal/repository/postgresrepo/user_repo.go:70.16,71.36 1 2
github.com/myacey/avito-shop/internal/repository/postgresrepo/user_repo.go:71.36,73.4 1 1
github.com/myacey/avito-shop/internal/repository/postgresrepo/user_repo.go:74.3,74.18 1 1
github.com/myacey/avito-shop/internal/repository/postgresrepo/user_repo.go:77.2,77.18 1 1
github.com/myacey/avito-shop/internal/repository/postgresrepo/user_repo.go:80.141,86.16 2 3
github.com/myacey/avito-shop/internal/repository/postgresrepo/user_repo.go:86.16,87.36 1 2
github.com/myacey/avito-shop/internal/repository/postgresrepo/user_repo.go:87.36,89.4 1 1
github.com/myacey/avito-shop/internal/repository/postgresrepo/user_repo.go:90.3,90.18 1 1
github.com/myacey/avito-shop/internal/repository/postgresrepo/user_repo.go:93.2,94.22 2 1
github.com/myacey/avito-shop/internal/repository/postgresrepo/user_repo.go:94.22,96.3 1 2
github.com/myacey/avito-shop/internal/repository/postgresrepo/user_repo.go:98.2,98.17 1 1
github.com/myacey/avito-shop/internal/apperror/apperror.go:14.35,16.2 1 0
github.com/myacey/avito-shop/internal/apperror/apperror.go:18.35,20.2 1 0
github.com/myacey/avito-shop/internal/apperror/apperror.go:24.53,26.2 1 1
github.com/myacey/avito-shop/internal/apperror/apperror.go:30.59,32.2 1 0
github.com/myacey/avito-shop/internal/apperror/apperror.go:36.55,38.2 1 0
github.com/myacey/avito-shop/internal/apperror/apperror.go:42.55,44.2 1 3
github.com/myacey/avito-shop/internal/controller/api.go:20.48,22.47 2 2
github.com/myacey/avito-shop/internal/controller/api.go:22.47,25.3 2 0
github.com/myacey/avito-shop/internal/controller/api.go:27.2,28.16 2 2
github.com/myacey/avito-shop/internal/controller/api.go:28.16,31.3 2 1
github.com/myacey/avito-shop/internal/controller/api.go:33.2,33.46 1 1
github.com/myacey/avito-shop/internal/controller/api.go:38.54,40.9 2 3
github.com/myacey/avito-shop/internal/controller/api.go:40.9,43.3 2 1
github.com/myacey/avito-shop/internal/controller/api.go:45.2,46.16 2 2
github.com/myacey/avito-shop/internal/controller/api.go:46.16,49.3 2 1
github.com/myacey/avito-shop/internal/controller/api.go:51.2,51.28 1 1
github.com/myacey/avito-shop/internal/controller/api.go:61.48,63.9 2 3
github.com/myacey/avito-shop/internal/controller/api.go:63.9,66.3 2 1
github.com/myacey/avito-shop/internal/controller/api.go:68.2,69.47 2 2
github.com/myacey/avito-shop/internal/controller/api.go:69.47,72.3 2 0
github.com/myacey/avito-shop/internal/controller/api.go:74.2,75.16 2 2
github.com/myacey/avito-shop/internal/controller/api.go:75.16,78.3 2 1
github.com/myacey/avito-shop/internal/controller/api.go:80.2,80.28 1 1
github.com/myacey/avito-shop/internal/controller/api.go:83.46,85.9 2 4
github.com/myacey/avito-shop/internal/controller/api.go:85.9,88.3 2 1
github.com/myacey/avito-shop/internal/controller/api.go:90.2,91.16 2 3
github.com/myacey/avito-shop/internal/controller/api.go:91.16,94.3 2 1
github.com/myacey/avito-shop/internal/controller/api.go:96.2,97.16 2 2
github.com/myacey/avito-shop/internal/controller/api.go:97.16,100.3 2 1
github.com/myacey/avito-shop/internal/controller/api.go:102.2,102.28 1 1
github.com/myacey/avito-shop/internal/controller/controller.go:21.55,24.2 2 4
github.com/myacey/avito-shop/internal/controller/controller.go:26.59,28.29 2 8
github.com/myacey/avito-shop/internal/controller/controller.go:28.29,29.56 1 4
github.com/myacey/avito-shop/internal/controller/controller.go:29.56,31.4 1 3
github.com/myacey/avito-shop/internal/controller/controller.go:32.3,34.9 3 4
github.com/myacey/avito-shop/internal/controller/controller.go:37.2,38.82 2 4
github.com/myacey/avito-shop/internal/controller/middleware.go:12.55,13.30 1 0
github.com/myacey/avito-shop/internal/controller/middleware.go:13.30,14.45 1 0
github.com/myacey/avito-shop/internal/controller/middleware.go:14.45,16.4 1 0
github.com/myacey/avito-shop/internal/controller/middleware.go:18.3,18.22 1 0
github.com/myacey/avito-shop/internal/controller/middleware.go:18.22,23.4 4 0
github.com/myacey/avito-shop/internal/controller/middleware.go:25.3,28.58 3 0
github.com/myacey/avito-shop/internal/controller/middleware.go:28.58,32.4 3 0
github.com/myacey/avito-shop/internal/controller/middleware.go:34.3,35.17 2 0
github.com/myacey/avito-shop/internal/controller/middleware.go:35.17,39.4 3 0
github.com/myacey/avito-shop/internal/controller/middleware.go:41.3,42.11 2 0
github.com/myacey/avito-shop/internal/hasher/hasher.go:28.13,30.2 1 1
github.com/myacey/avito-shop/internal/hasher/hasher.go:32.66,34.15 2 0
github.com/myacey/avito-shop/internal/hasher/hasher.go:34.15,34.36 1 0
github.com/myacey/avito-shop/internal/hasher/hasher.go:36.2,37.16 2 0
github.com/myacey/avito-shop/internal/hasher/hasher.go:37.16,38.48 1 0
github.com/myacey/avito-shop/internal/hasher/hasher.go:38.48,40.4 1 0
github.com/myacey/avito-shop/internal/hasher/hasher.go:41.3,41.17 1 0
github.com/myacey/avito-shop/internal/hasher/hasher.go:43.2,43.27 1 0
github.com/myacey/avito-shop/internal/hasher/hasher.go:48.61,50.15 2 0
github.com/myacey/avito-shop/internal/hasher/hasher.go:50.15,50.36 1 0
github.com/myacey/avito-shop/internal/hasher/hasher.go:52.2,53.57 2 0
github.com/myacey/avito-shop/internal/hasher/hasher.go:53.57,55.3 1 0
github.com/myacey/avito-shop/internal/hasher/hasher.go:57.2,57.12 1 0
github.com/myacey/avito-shop/internal/jwttoken/jwt.go:25.80,27.2 1 0
github.com/myacey/avito-shop/internal/jwttoken/jwt.go:29.68,37.2 2 0
github.com/myacey/avito-shop/internal/jwttoken/jwt.go:39.71,40.79 1 0
github.com/myacey/avito-shop/internal/jwttoken/jwt.go:40.79,42.3 1 0
github.com/myacey/avito-shop/internal/jwttoken/jwt.go:43.2,43.16 1 0
github.com/myacey/avito-shop/internal/jwttoken/jwt.go:43.16,44.42 1 0
github.com/myacey/avito-shop/internal/jwttoken/jwt.go:44.42,46.4 1 0
github.com/myacey/avito-shop/internal/jwttoken/jwt.go:47.3,47.27 1 0
github.com/myacey/avito-shop/internal/jwttoken/jwt.go:50.2,50.52 1 0
github.com/myacey/avito-shop/internal/jwttoken/jwt.go:50.52,52.3 1 0
github.com/myacey/avito-shop/internal/jwttoken/jwt.go:54.2,54.26 1 0
github.com/myacey/avito-shop/internal/mocks/hasher_mock.go:25.57,29.2 3 0
github.com/myacey/avito-shop/internal/mocks/hasher_mock.go:32.55,34.2 1 0
github.com/myacey/avito-shop/internal/mocks/hasher_mock.go:37.59,42.2 4 0
github.com/myacey/avito-shop/internal/mocks/hasher_mock.go:45.84,48.2 2 0
github.com/myacey/avito-shop/internal/mocks/hasher_mock.go:51.64,57.2 5 0
github.com/myacey/avito-shop/internal/mocks/hasher_mock.go:60.79,63.2 2 0
github.com/myacey/avito-shop/internal/mocks/inventory_repository_mock.go:27.83,31.2 3 0
github.com/myacey/avito-shop/internal/mocks/inventory_repository_mock.go:34.81,36.2 1 0
github.com/myacey/avito-shop/internal/mocks/inventory_repository_mock.go:39.110,44.2 4 0
github.com/myacey/avito-shop/internal/mocks/inventory_repository_mock.go:47.113,50.2 2 0
github.com/myacey/avito-shop/internal/mocks/inventory_repository_mock.go:53.106,59.2 5 0
github.com/myacey/avito-shop/internal/mocks/inventory_repository_mock.go:62.97,65.2 2 0
github.com/myacey/avito-shop/internal/mocks/jwt_mock.go:25.83,29.2 3 0
github.com/myacey/avito-shop/internal/mocks/jwt_mock.go:32.81,34.2 1 0
github.com/myacey/avito-shop/internal/mocks/jwt_mock.go:37.80,43.2 5 0
github.com/myacey/avito-shop/internal/mocks/jwt_mock.go:46.95,49.2 2 0
github.com/myacey/avito-shop/internal/mocks/jwt_mock.go:52.83,58.2 5 0
github.com/myacey/avito-shop/internal/mocks/jwt_mock.go:61.98,64.2 2 0
github.com/myacey/avito-shop/internal/mocks/queries_mock.go:27.59,31.2 3 0
github.com/myacey/avito-shop/internal/mocks/queries_mock.go:34.57,36.2 1 0
github.com/myacey/avito-shop/internal/mocks/queries_mock.go:39.80,44.2 4 0
github.com/myacey/avito-shop/internal/mocks/queries_mock.go:47.79,50.2 2 0
github.com/myacey/avito-shop/internal/mocks/queries_mock.go:53.119,59.2 5 0
github.com/myacey/avito-shop/internal/mocks/queries_mock.go:62.91,65.2 2 0
github.com/myacey/avito-shop/internal/mocks/queries_mock.go:68.97,74.2 5 0
github.com/myacey/avito-shop/internal/mocks/queries_mock.go:77.82,80.2 2 0
github.com/myacey/avito-shop/internal/mocks/queries_mock.go:83.95,89.2 5 0
github.com/myacey/avito-shop/internal/mocks/queries_mock.go:92.87,95.2 2 0
github.com/myacey/avito-shop/internal/mocks/queries_mock.go:98.95,104.2 5 0
github.com/myacey/avito-shop/internal/mocks/queries_mock.go:107.93,110.2 2 0
github.com/myacey/avito-shop/internal/mocks/queries_mock.go:113.105,119.2 5 0
github.com/myacey/avito-shop/internal/mocks/queries_mock.go:122.97,125.2 2 0
github.com/myacey/avito-shop/internal/mocks/queries_mock.go:128.86,134.2 5 0
github.com/myacey/avito-shop/internal/mocks/queries_mock.go:137.84,140.2 2 0
github.com/myacey/avito-shop/internal/mocks/queries_mock.go:143.95,149.2 5 0
github.com/myacey/avito-shop/internal/mocks/queries_mock.go:152.93,155.2 2 0
github.com/myacey/avito-shop/internal/mocks/queries_mock.go:158.88,164.2 5 0
github.com/myacey/avito-shop/internal/mocks/queries_mock.go:167.87,170.2 2 0
github.com/myacey/avito-shop/internal/mocks/queries_mock.go:173.121,179.2 5 0
github.com/myacey/avito-shop/internal/mocks/queries_mock.go:182.93,185.2 2 0
github.com/myacey/avito-shop/internal/mocks/queries_mock.go:188.111,194.2 5 0
github.com/myacey/avito-shop/internal/mocks/queries_mock.go:197.89,200.2 2 0
github.com/myacey/avito-shop/internal/mocks/service_mock.go:27.63,31.2 3 4
github.com/myacey/avito-shop/internal/mocks/service_mock.go:34.61,36.2 1 8
github.com/myacey/avito-shop/internal/mocks/service_mock.go:39.101,45.2 5 2
github.com/myacey/avito-shop/internal/mocks/service_mock.go:48.100,51.2 2 2
github.com/myacey/avito-shop/internal/mocks/service_mock.go:54.85,59.2 4 2
github.com/myacey/avito-shop/internal/mocks/service_mock.go:62.94,65.2 2 2
github.com/myacey/avito-shop/internal/mocks/service_mock.go:68.89,74.2 5 0
github.com/myacey/avito-shop/internal/mocks/service_mock.go:77.88,80.2 2 0
github.com/myacey/avito-shop/internal/mocks/service_mock.go:83.99,89.2 5 2
github.com/myacey/avito-shop/internal/mocks/service_mock.go:92.92,95.2 2 2
github.com/myacey/avito-shop/internal/mocks/service_mock.go:98.106,103.2 4 2
github.com/myacey/avito-shop/internal/mocks/service_mock.go:106.109,109.2 2 2
github.com/myacey/avito-shop/internal/mocks/session_repository_mock.go:27.79,31.2 3 0
github.com/myacey/avito-shop/internal/mocks/session_repository_mock.go:34.77,36.2 1 0
github.com/myacey/avito-shop/internal/mocks/session_repository_mock.go:39.108,44.2 4 0
github.com/myacey/avito-shop/internal/mocks/session_repository_mock.go:47.103,50.2 2 0
github.com/myacey/avito-shop/internal/mocks/session_repository_mock.go:53.89,59.2 5 0
github.com/myacey/avito-shop/internal/mocks/session_repository_mock.go:62.88,65.2 2 0
github.com/myacey/avito-shop/internal/mocks/store_repository_mock.go:27.75,31.2 3 0
github.com/myacey/avito-shop/internal/mocks/store_repository_mock.go:34.73,36.2 1 0
github.com/myacey/avito-shop/internal/mocks/store_repository_mock.go:39.97,45.2 5 0
github.com/myacey/avito-shop/internal/mocks/store_repository_mock.go:48.94,51.2 2 0
github.com/myacey/avito-shop/internal/mocks/transfer_repository_mock.go:27.81,31.2 3 0
github.com/myacey/avito-shop/internal/mocks/transfer_repository_mock.go:34.79,36.2 1 0
github.com/myacey/avito-shop/internal/mocks/transfer_repository_mock.go:39.142,45.2 5 0
github.com/myacey/avito-shop/internal/mocks/transfer_repository_mock.go:48.129,51.2 2 0
github.com/myacey/avito-shop/internal/mocks/transfer_repository_mock.go:54.115,60.2 5 0
github.com/myacey/avito-shop/internal/mocks/transfer_repository_mock.go:63.106,66.2 2 0
github.com/myacey/avito-shop/internal/mocks/user_repository_mock.go:27.73,31.2 3 0
github.com/myacey/avito-shop/internal/mocks/user_repository_mock.go:34.71,36.2 1 0
github.com/myacey/avito-shop/internal/mocks/user_repository_mock.go:39.105,45.2 5 0
github.com/myacey/avito-shop/internal/mocks/user_repository_mock.go:48.102,51.2 2 0
github.com/myacey/avito-shop/internal/mocks/user_repository_mock.go:54.92,60.2 5 0
github.com/myacey/avito-shop/internal/mocks/user_repository_mock.go:63.89,66.2 2 0
github.com/myacey/avito-shop/internal/mocks/user_repository_mock.go:69.101,75.2 5 0
github.com/myacey/avito-shop/internal/mocks/user_repository_mock.go:78.98,81.2 2 0
github.com/myacey/avito-shop/internal/mocks/user_repository_mock.go:84.110,90.2 5 0
github.com/myacey/avito-shop/internal/mocks/user_repository_mock.go:93.108,96.2 2 0
github.com/myacey/avito-shop/internal/mocks/user_repository_mock.go:99.143,105.2 5 0
github.com/myacey/avito-shop/internal/mocks/user_repository_mock.go:108.132,111.2 2 0
